<?xml version="1.0" encoding="UTF-8"?>
<!-- Generated by org.testng.reporters.JUnitReportReporter -->
<testsuite hostname="LAPTOP-BF9MIV2J" failures="0" tests="3" name="testNG1" time="0.019" errors="0" timestamp="2023-03-30T13:19:36 IST" skipped="0">
  <testcase classname="testNG1" name="supriya" time="0.016"/>
  <system-out/>
  <testcase classname="testNG1" name="kiran" time="0.001"/>
  <system-out/>
  <testcase classname="testNG1" name="vaibhav" time="0.002"/>
  <system-out/>
</testsuite> <!-- testNG1 -->
