<?xml version="1.0" encoding="UTF-8"?>
<!-- Generated by org.testng.reporters.JUnitReportReporter -->
<testsuite hostname="LAPTOP-BF9MIV2J" failures="0" tests="3" name="TestLayer.PimPageTest" time="0.000" errors="0" timestamp="2023-04-09T07:50:03 IST" skipped="3">
  <testcase classname="TestLayer.PimPageTest" name="validateAddEmployee" time="0.000">
    <skipped/>
  </testcase> <!-- validateAddEmployee -->
  <system-out/>
  <testcase classname="TestLayer.PimPageTest" name="validateEmployeeList" time="0.000">
    <skipped/>
  </testcase> <!-- validateEmployeeList -->
  <system-out/>
  <testcase classname="TestLayer.PimPageTest" name="validateReports" time="0.000">
    <skipped/>
  </testcase> <!-- validateReports -->
  <system-out/>
</testsuite> <!-- TestLayer.PimPageTest -->
