<?xml version="1.0" encoding="UTF-8"?>
<!-- Generated by org.testng.reporters.JUnitReportReporter -->
<testsuite hostname="DESKTOP-4G6V73A" failures="0" tests="1" name="com.TestLayer.CompaniesPageTest" time="8.300" errors="0" timestamp="2022-11-24T21:24:54 IST" skipped="0">
  <testcase classname="com.TestLayer.CompaniesPageTest" name="m1" time="8.300"/>
  <system-out/>
</testsuite> <!-- com.TestLayer.CompaniesPageTest -->
