<?xml version="1.0" encoding="UTF-8"?>
<!-- Generated by org.testng.reporters.JUnitReportReporter -->
<testsuite hostname="LAPTOP-BF9MIV2J" failures="0" tests="1" name="TestLayer.RegisterPagetTest" time="2.577" errors="0" timestamp="2022-10-25T10:00:16 IST" skipped="0">
  <testcase classname="TestLayer.RegisterPagetTest" name="validteregisterPageTest" time="2.577"/>
  <system-out/>
</testsuite> <!-- TestLayer.RegisterPagetTest -->
