<?xml version="1.0" encoding="UTF-8"?>
<!-- Generated by org.testng.reporters.JUnitReportReporter -->
<testsuite hostname="LAPTOP-BF9MIV2J" failures="0" tests="4" name="TestLayer.AdminPageTest" time="0.000" errors="0" timestamp="2023-04-09T07:50:03 IST" skipped="4">
  <testcase classname="TestLayer.AdminPageTest" name="validateAdminPage" time="0.000">
    <skipped/>
  </testcase> <!-- validateAdminPage -->
  <system-out/>
  <testcase classname="TestLayer.AdminPageTest" name="validateJobPage" time="0.000">
    <skipped/>
  </testcase> <!-- validateJobPage -->
  <system-out/>
  <testcase classname="TestLayer.AdminPageTest" name="validateClickOnOrganization" time="0.000">
    <skipped/>
  </testcase> <!-- validateClickOnOrganization -->
  <system-out/>
  <testcase classname="TestLayer.AdminPageTest" name="validateGeneralInfo" time="0.000">
    <skipped/>
  </testcase> <!-- validateGeneralInfo -->
  <system-out/>
</testsuite> <!-- TestLayer.AdminPageTest -->
