<?xml version="1.0" encoding="UTF-8"?>
<!-- Generated by org.testng.reporters.JUnitReportReporter -->
<testsuite hostname="LAPTOP-BF9MIV2J" failures="0" tests="1" name="TestLayer.TimePageTest" time="0.000" errors="0" timestamp="2023-04-09T07:50:03 IST" skipped="1">
  <testcase classname="TestLayer.TimePageTest" name="validateClickOnTime" time="0.000">
    <skipped/>
  </testcase> <!-- validateClickOnTime -->
  <system-out/>
</testsuite> <!-- TestLayer.TimePageTest -->
