<?xml version="1.0" encoding="UTF-8"?>
<!-- Generated by org.testng.reporters.JUnitReportReporter -->
<testsuite hostname="LAPTOP-BF9MIV2J" failures="0" tests="2" name="TestLayer.HomePageTest" time="0.000" errors="0" timestamp="2023-04-09T07:50:03 IST" skipped="2">
  <testcase classname="TestLayer.HomePageTest" name="validateTitle" time="0.000">
    <skipped/>
  </testcase> <!-- validateTitle -->
  <system-out/>
  <testcase classname="TestLayer.HomePageTest" name="validateCurrenturl" time="0.000">
    <skipped/>
  </testcase> <!-- validateCurrenturl -->
  <system-out/>
</testsuite> <!-- TestLayer.HomePageTest -->
